<?xml version="1.0" encoding="UTF-8"?>
<testng-results ignored="0" total="1" passed="1" failed="0" skipped="0">
  <reporter-output>
  </reporter-output>
  <suite started-at="2022-06-04T20:46:14 BDT" name="Default suite" finished-at="2022-06-04T20:47:49 BDT" duration-ms="94543">
    <groups>
    </groups>
    <test started-at="2022-06-04T20:46:14 BDT" name="Default test" finished-at="2022-06-04T20:47:49 BDT" duration-ms="94543">
      <class name="testcases.TC_001_PlaceOrder">
        <test-method is-config="true" signature="setup()[pri:0, instance:testcases.TC_001_PlaceOrder@368247b9]" started-at="2022-06-04T20:46:05 BDT" name="setup" finished-at="2022-06-04T20:46:14 BDT" duration-ms="9009" status="PASS">
          <reporter-output>
          </reporter-output>
        </test-method> <!-- setup -->
        <test-method signature="orderPlace()[pri:0, instance:testcases.TC_001_PlaceOrder@368247b9]" started-at="2022-06-04T20:46:14 BDT" name="orderPlace" finished-at="2022-06-04T20:47:49 BDT" duration-ms="94478" status="PASS">
          <reporter-output>
          </reporter-output>
        </test-method> <!-- orderPlace -->
        <test-method is-config="true" signature="afterrun()[pri:0, instance:testcases.TC_001_PlaceOrder@368247b9]" started-at="2022-06-04T20:47:49 BDT" name="afterrun" finished-at="2022-06-04T20:47:50 BDT" duration-ms="1031" status="PASS">
          <reporter-output>
          </reporter-output>
        </test-method> <!-- afterrun -->
      </class> <!-- testcases.TC_001_PlaceOrder -->
    </test> <!-- Default test -->
  </suite> <!-- Default suite -->
</testng-results>
